
Can't find font: <-misc-fixed-bold-r-normal--13-100-100-100-c-70-iso8859-1>.

Make sure misc-fixed, 75dpi and 100dpi X fonts are installed:

- xfonts-base, xfonts-75dpi and xfonts-100dpi packages for 

  Debian/Ubuntu.

- xorg-x11-fonts-misc, xorg-x11-fonts-ISO8859-1-75dpi and 

  xorg-x11-fonts-ISO8859-1-100dpi packages for RedHat/Fedora.

The X Server may need to be restarted after installing the fonts.

Can't find font: <-adobe-courier-bold-r-normal--12-120-75-75-m-70-iso8859-1>.

Can't find default font!

Make sure misc-fixed, 75dpi and 100dpi X fonts are installed:

- xfonts-base, xfonts-75dpi and xfonts-100dpi packages for 

  Debian/Ubuntu.

- xorg-x11-fonts-misc, xorg-x11-fonts-ISO8859-1-75dpi and 

  xorg-x11-fonts-ISO8859-1-100dpi packages for RedHat/Fedora.

The X Server may need to be restarted after installing the fonts.

Info: Null font name.

Can't find font: <-misc-fixed-bold-r-normal--13-100-100-100-c-70-iso8859-1>.

Make sure misc-fixed, 75dpi and 100dpi X fonts are installed:

- xfonts-base, xfonts-75dpi and xfonts-100dpi packages for 

  Debian/Ubuntu.

- xorg-x11-fonts-misc, xorg-x11-fonts-ISO8859-1-75dpi and 

  xorg-x11-fonts-ISO8859-1-100dpi packages for RedHat/Fedora.

The X Server may need to be restarted after installing the fonts.

Can't find font: <-adobe-courier-bold-r-normal--12-120-75-75-m-70-iso8859-1>.

Can't find default font!

Make sure misc-fixed, 75dpi and 100dpi X fonts are installed:

- xfonts-base, xfonts-75dpi and xfonts-100dpi packages for 

  Debian/Ubuntu.

- xorg-x11-fonts-misc, xorg-x11-fonts-ISO8859-1-75dpi and 

  xorg-x11-fonts-ISO8859-1-100dpi packages for RedHat/Fedora.

The X Server may need to be restarted after installing the fonts.

Info: Null font name.

Can't find font: <-misc-fixed-bold-r-normal--13-100-100-100-c-70-iso8859-1>.

Make sure misc-fixed, 75dpi and 100dpi X fonts are installed:

- xfonts-base, xfonts-75dpi and xfonts-100dpi packages for 

  Debian/Ubuntu.

- xorg-x11-fonts-misc, xorg-x11-fonts-ISO8859-1-75dpi and 

  xorg-x11-fonts-ISO8859-1-100dpi packages for RedHat/Fedora.

The X Server may need to be restarted after installing the fonts.

Can't find font: <-adobe-courier-bold-r-normal--12-120-75-75-m-70-iso8859-1>.

Can't find default font!

Make sure misc-fixed, 75dpi and 100dpi X fonts are installed:

- xfonts-base, xfonts-75dpi and xfonts-100dpi packages for 

  Debian/Ubuntu.

- xorg-x11-fonts-misc, xorg-x11-fonts-ISO8859-1-75dpi and 

  xorg-x11-fonts-ISO8859-1-100dpi packages for RedHat/Fedora.

The X Server may need to be restarted after installing the fonts.

Info: Null font name.

Can't find font: <-misc-fixed-bold-r-normal--13-100-100-100-c-70-iso8859-1>.

Make sure misc-fixed, 75dpi and 100dpi X fonts are installed:

- xfonts-base, xfonts-75dpi and xfonts-100dpi packages for 

  Debian/Ubuntu.

- xorg-x11-fonts-misc, xorg-x11-fonts-ISO8859-1-75dpi and 

  xorg-x11-fonts-ISO8859-1-100dpi packages for RedHat/Fedora.

The X Server may need to be restarted after installing the fonts.

Can't find font: <-adobe-courier-bold-r-normal--12-120-75-75-m-70-iso8859-1>.

Can't find default font!

Make sure misc-fixed, 75dpi and 100dpi X fonts are installed:

- xfonts-base, xfonts-75dpi and xfonts-100dpi packages for 

  Debian/Ubuntu.

- xorg-x11-fonts-misc, xorg-x11-fonts-ISO8859-1-75dpi and 

  xorg-x11-fonts-ISO8859-1-100dpi packages for RedHat/Fedora.

The X Server may need to be restarted after installing the fonts.

Info: Null font name.

Can't find font: <-misc-fixed-bold-r-normal--13-100-100-100-c-70-iso8859-1>.

Make sure misc-fixed, 75dpi and 100dpi X fonts are installed:

- xfonts-base, xfonts-75dpi and xfonts-100dpi packages for 

  Debian/Ubuntu.

- xorg-x11-fonts-misc, xorg-x11-fonts-ISO8859-1-75dpi and 

  xorg-x11-fonts-ISO8859-1-100dpi packages for RedHat/Fedora.

The X Server may need to be restarted after installing the fonts.

Can't find font: <-adobe-courier-bold-r-normal--12-120-75-75-m-70-iso8859-1>.

Can't find default font!

Make sure misc-fixed, 75dpi and 100dpi X fonts are installed:

- xfonts-base, xfonts-75dpi and xfonts-100dpi packages for 

  Debian/Ubuntu.

- xorg-x11-fonts-misc, xorg-x11-fonts-ISO8859-1-75dpi and 

  xorg-x11-fonts-ISO8859-1-100dpi packages for RedHat/Fedora.

The X Server may need to be restarted after installing the fonts.

Info: Null font name.

Can't find font: <-misc-fixed-bold-r-normal--13-100-100-100-c-70-iso8859-1>.

Make sure misc-fixed, 75dpi and 100dpi X fonts are installed:

- xfonts-base, xfonts-75dpi and xfonts-100dpi packages for 

  Debian/Ubuntu.

- xorg-x11-fonts-misc, xorg-x11-fonts-ISO8859-1-75dpi and 

  xorg-x11-fonts-ISO8859-1-100dpi packages for RedHat/Fedora.

The X Server may need to be restarted after installing the fonts.

Can't find font: <-adobe-courier-bold-r-normal--12-120-75-75-m-70-iso8859-1>.

Can't find default font!

Make sure misc-fixed, 75dpi and 100dpi X fonts are installed:

- xfonts-base, xfonts-75dpi and xfonts-100dpi packages for 

  Debian/Ubuntu.

- xorg-x11-fonts-misc, xorg-x11-fonts-ISO8859-1-75dpi and 

  xorg-x11-fonts-ISO8859-1-100dpi packages for RedHat/Fedora.

The X Server may need to be restarted after installing the fonts.

Info: Null font name.

Can't find font: <-misc-fixed-bold-r-normal--13-100-100-100-c-70-iso8859-1>.

Make sure misc-fixed, 75dpi and 100dpi X fonts are installed:

- xfonts-base, xfonts-75dpi and xfonts-100dpi packages for 

  Debian/Ubuntu.

- xorg-x11-fonts-misc, xorg-x11-fonts-ISO8859-1-75dpi and 

  xorg-x11-fonts-ISO8859-1-100dpi packages for RedHat/Fedora.

The X Server may need to be restarted after installing the fonts.

Can't find font: <-adobe-courier-bold-r-normal--12-120-75-75-m-70-iso8859-1>.

Can't find default font!

Make sure misc-fixed, 75dpi and 100dpi X fonts are installed:

- xfonts-base, xfonts-75dpi and xfonts-100dpi packages for 

  Debian/Ubuntu.

- xorg-x11-fonts-misc, xorg-x11-fonts-ISO8859-1-75dpi and 

  xorg-x11-fonts-ISO8859-1-100dpi packages for RedHat/Fedora.

The X Server may need to be restarted after installing the fonts.

Info: Null font name.

Can't open display <DefaultDisplay>, exiting.

Info: Detected non-vendor Mesa OpenGL driver installed on the system.

Info:  Switching to libOSMesa software OpenGL to avoid problems on some systems.

Info:  To disable switching, use either the -glg-disable-mesa-switch command-line option 

Info:  or set the GLG_OPENGL_MESA_SWITCH environment variable to false.

Info:  Alternatively, install vendor-supplied OpenGL driver for your graphics card.

Info:  To disable OpenGL, use the -glg-disable-opengl command-line option,

Info:  or set the GLG_OPENGL_MODE environment variable to false.

Warning: Detected SLOW OpenGL software renderer <Mesa OffScreen> - check OpenGL / graphics card setup.

Info: Use -glg-disable-hardware-opengl option to suppress this warning,

Info:  or use -glg-disable-opengl to switch to the X renderer.
